<?xml version="1.0" encoding="UTF-8"?>
<!-- Generated by org.testng.reporters.JUnitXMLReporter -->
<testsuite hostname="LAPTOP-SF99IFHK" ignored="0" name="Test" tests="6" failures="0" timestamp="28 May 2020 02:25:23 GMT" time="60.75" errors="0">
  <testcase name="loginDetails" time="4.161" classname="com.selenium.testcases.LoginTest"/>
  <testcase name="loginDetails" time="2.964" classname="com.selenium.testcases.LoginTest"/>
  <testcase name="getItemNavigation" time="0.084" classname="com.selenium.testcases.SelectByItems"/>
  <testcase name="assertTitle" time="0.051" classname="com.selenium.testcases.validateTitle"/>
  <testcase name="homeTest" time="2.147" classname="com.selenium.testcases.HomePageTest"/>
  <testcase name="loginTest" time="1.951" classname="com.selenium.testcases.HomePageTest"/>
</testsuite> <!-- Test -->
