<?xml version="1.0" encoding="UTF-8"?>
<!-- Generated by org.testng.reporters.JUnitXMLReporter -->
<testsuite hostname="LAPTOP-SF99IFHK" ignored="0" name="Test" tests="6" failures="0" timestamp="28 May 2020 04:50:01 GMT" time="77.414" errors="0">
  <testcase name="loginDetails" time="5.848" classname="com.selenium.testcases.LoginTest"/>
  <testcase name="loginDetails" time="3.689" classname="com.selenium.testcases.LoginTest"/>
  <testcase name="getItemNavigation" time="0.07" classname="com.selenium.testcases.SelectByItems"/>
  <testcase name="assertTitle" time="0.056" classname="com.selenium.testcases.validateTitle"/>
  <testcase name="homeTest" time="2.366" classname="com.selenium.testcases.HomePageTest"/>
  <testcase name="loginTest" time="1.89" classname="com.selenium.testcases.HomePageTest"/>
</testsuite> <!-- Test -->
