<?xml version="1.0" encoding="UTF-8"?>
<testsuite xmlns:xsi="http://www.w3.org/2001/XMLSchema-instance" xsi:noNamespaceSchemaLocation="https://maven.apache.org/surefire/maven-surefire-plugin/xsd/surefire-test-report-3.0.xsd" version="3.0" name="TestSuite" time="27.158" tests="6" errors="0" skipped="0" failures="1">
  <properties>
[...]
</properties>
  <testcase name="getItemNavigation" classname="com.selenium.testcases.SelectByItems" time="0.072"/>
  <testcase name="assertTitle" classname="com.selenium.testcases.validateTitle" time="0.109">
    <failure message="expected [Cart (empty123)] but found [Cart (empty)]" type="java.lang.AssertionError"><![CDATA[java.lang.AssertionError: expected [Cart (empty123)] but found [Cart (empty)]
	at com.selenium.testcases.validateTitle.assertTitle(validateTitle.java:30)
]]></failure>
  </testcase>
  <testcase name="loginDetails" classname="com.selenium.testcases.LoginTest" time="2.377"/>
  <testcase name="loginDetails" classname="com.selenium.testcases.LoginTest" time="2.002"/>
  <testcase name="correctPasswordTest" classname="com.selenium.testcases.HomePageTest" time="1.593"/>
  <testcase name="forgotPasswordTest" classname="com.selenium.testcases.HomePageTest" time="4.272"/>
</testsuite>