<?xml version="1.0" encoding="UTF-8"?>
<testng-results skipped="0" failed="0" ignored="0" total="1" passed="1">
  <reporter-output>
  </reporter-output>
  <suite name="Default suite" duration-ms="17162" started-at="2020-08-07T03:37:23Z" finished-at="2020-08-07T03:37:40Z">
    <groups>
    </groups>
    <test name="Default test" duration-ms="17162" started-at="2020-08-07T03:37:23Z" finished-at="2020-08-07T03:37:40Z">
      <class name="com.testcases.HomePageTest">
        <test-method status="PASS" signature="launchURL()[pri:0, instance:com.testcases.HomePageTest@5442a311]" name="launchURL" is-config="true" duration-ms="8994" started-at="2020-08-07T03:37:23Z" finished-at="2020-08-07T03:37:32Z">
          <reporter-output>
          </reporter-output>
        </test-method> <!-- launchURL -->
        <test-method status="PASS" signature="verifyPageContent()[pri:1, instance:com.testcases.HomePageTest@5442a311]" name="verifyPageContent" duration-ms="3814" started-at="2020-08-07T03:37:32Z" finished-at="2020-08-07T03:37:36Z">
          <reporter-output>
          </reporter-output>
        </test-method> <!-- verifyPageContent -->
        <test-method status="PASS" signature="closeBrowser()[pri:0, instance:com.testcases.HomePageTest@5442a311]" name="closeBrowser" is-config="true" duration-ms="4327" started-at="2020-08-07T03:37:36Z" finished-at="2020-08-07T03:37:40Z">
          <reporter-output>
          </reporter-output>
        </test-method> <!-- closeBrowser -->
      </class> <!-- com.testcases.HomePageTest -->
    </test> <!-- Default test -->
  </suite> <!-- Default suite -->
</testng-results>
